Arguments: 
  /usr/local/Cellar/node/14.12.0/bin/node /usr/local/bin/yarn install

PATH: 
  /usr/local/opt/ruby/bin:/Users/myapple/opt/miniconda3/bin:/Users/myapple/opt/miniconda3/condabin:/usr/local/bin:/usr/bin:/bin:/usr/sbin:/sbin:/Applications/VMware Fusion.app/Contents/Public:/usr/local/share/dotnet:~/.dotnet/tools:/Library/Apple/usr/bin:/Users/myapple/Documents/gowe/node_modules/.bin:/Users/myapple/development/flutter/bin:/Users/myapple/cmdline-tools/bin

Yarn version: 
  1.22.11

Node version: 
  14.12.0

Platform: 
  darwin x64

Trace: 
  Error: EINVAL: invalid argument, unlink '/Users/myapple/Documents/gowe/node_modules/webpack-dev-server/node_modules/del'

npm manifest: 
  {
    "name": "gowe",
    "version": "0.0.1",
    "author": "gofancyever <pomyven@gmail.com>",
    "description": "debug with health sx",
    "license": null,
    "main": "./dist/electron/main.js",
    "scripts": {
      "build": "node .electron-vue/build.js && electron-builder",
      "build:dir": "node .electron-vue/build.js && electron-builder --dir",
      "build:clean": "cross-env BUILD_TARGET=clean node .electron-vue/build.js",
      "build:web": "cross-env BUILD_TARGET=web node .electron-vue/build.js",
      "dev": "node .electron-vue/dev-runner.js",
      "pack": "npm run pack:main && npm run pack:renderer",
      "pack:main": "cross-env NODE_ENV=production webpack --progress --colors --config .electron-vue/webpack.main.config.js",
      "pack:renderer": "cross-env NODE_ENV=production webpack --progress --colors --config .electron-vue/webpack.renderer.config.js",
      "postinstall": ""
    },
    "build": {
      "productName": "gowe",
      "appId": "top.gofancy.gowe",
      "directories": {
        "output": "build"
      },
      "publish": [
        {
        "provider": "generic",
        "url": "http://192.168.1.98:8012"
        }
      ],
      "files": [
        "dist/electron/**/*"
      ],
      "dmg": {
        "contents": [
          {
            "x": 410,
            "y": 150,
            "type": "link",
            "path": "/Applications"
          },
          {
            "x": 130,
            "y": 150,
            "type": "file"
          }
        ]
      },
      "mac": {
        "icon": "build/icons/icon.png",
        "target": "dmg"
      },
      "win": {
        "icon": "build/icons/icon.png"
      },
      "linux": {
        "icon": "build/icons"
      }
    },
    "dependencies": {
      "alipay-sdk": "^3.1.6",
      "axios": "^0.18.0",
      "crypto-js": "^4.1.1",
      "electron-updater": "^4.3.9",
      "element-ui": "^2.15.5",
      "express-validator": "^6.12.1",
      "generic-pool": "^3.8.2",
      "http-proxy": "^1.18.1",
      "node-uuid": "^1.4.8",
      "redis": "^3.1.2",
      "vue": "^2.5.16",
      "vue-electron": "^1.0.6",
      "vue-json-viewer": "^2.2.19",
      "vue-router": "^3.0.1",
      "vuex": "^3.0.1",
      "vuex-electron": "^1.0.0"
    },
    "devDependencies": {
      "ajv": "^6.5.0",
      "babel-core": "^6.26.3",
      "babel-loader": "^7.1.4",
      "babel-minify-webpack-plugin": "^0.3.1",
      "babel-plugin-component": "^1.1.1",
      "babel-plugin-transform-runtime": "^6.23.0",
      "babel-preset-env": "^1.7.0",
      "babel-preset-es2015": "^6.24.1",
      "babel-preset-stage-0": "^6.24.1",
      "babel-register": "^6.26.0",
      "cfonts": "^2.9.3",
      "chalk": "^2.4.1",
      "copy-webpack-plugin": "^4.5.1",
      "cross-env": "^5.1.6",
      "css-loader": "^0.28.11",
      "del": "^3.0.0",
      "devtron": "^1.4.0",
      "electron": "^2.0.4",
      "electron-builder": "^22.11.7",
      "electron-debug": "^1.5.0",
      "electron-devtools-installer": "^2.2.4",
      "file-loader": "^1.1.11",
      "html-webpack-plugin": "^3.2.0",
      "listr": "^0.14.3",
      "mini-css-extract-plugin": "0.4.0",
      "multispinner": "^0.2.1",
      "node-loader": "^0.6.0",
      "node-sass": "^4.9.2",
      "sass-loader": "^7.0.3",
      "style-loader": "^0.21.0",
      "url-loader": "^1.0.1",
      "vue-html-loader": "^1.2.4",
      "vue-loader": "^15.2.4",
      "vue-style-loader": "^4.1.0",
      "vue-template-compiler": "^2.5.16",
      "webpack": "^4.15.1",
      "webpack-cli": "^3.0.8",
      "webpack-dev-server": "^3.1.4",
      "webpack-hot-middleware": "^2.22.2",
      "webpack-merge": "^4.1.3"
    }
  }

yarn manifest: 
  No manifest

Lockfile: 
  No lockfile
